<?xml version="1.0" encoding="UTF-8"?>
<testsuite xmlns:xsi="http://www.w3.org/2001/XMLSchema-instance" xsi:noNamespaceSchemaLocation="https://maven.apache.org/surefire/maven-surefire-plugin/xsd/surefire-test-report-3.0.xsd" version="3.0" name="com.wms.common.constant.BizConstantsTest" time="0.039" tests="5" errors="0" skipped="0" failures="0">
  <properties>
[...]
</properties>
  <testcase name="shouldHaveDistinctSyncDirections" classname="com.wms.common.constant.BizConstantsTest" time="0.016"/>
  <testcase name="shouldHaveCorrectEnabledStatus" classname="com.wms.common.constant.BizConstantsTest" time="0.001"/>
  <testcase name="shouldHaveCorrectDisabledStatus" classname="com.wms.common.constant.BizConstantsTest" time="0.001"/>
  <testcase name="shouldHaveCorrectStockSyncOut" classname="com.wms.common.constant.BizConstantsTest" time="0.0"/>
  <testcase name="shouldHaveCorrectStockSyncIn" classname="com.wms.common.constant.BizConstantsTest" time="0.0"/>
</testsuite>